TN:
SF:src\components\DynamicTimer.vue
FN:156,immediate
FN:208,togglePause
FN:224,outputDisplay
FN:235,increaseTime
FN:240,decreaseTime
FN:251,resetTime
FN:259,emitTimer
FNF:7
FNH:7
FNDA:27,immediate
FNDA:4,togglePause
FNDA:35,outputDisplay
FNDA:1,increaseTime
FNDA:1,decreaseTime
FNDA:7,resetTime
FNDA:2,emitTimer
DA:1,1
DA:2,1
DA:3,1
DA:4,1
DA:5,1
DA:6,1
DA:7,1
DA:8,1
DA:9,1
DA:10,1
DA:11,1
DA:12,1
DA:13,1
DA:14,1
DA:15,1
DA:16,1
DA:17,1
DA:18,1
DA:19,1
DA:20,1
DA:21,1
DA:22,1
DA:23,1
DA:24,1
DA:25,1
DA:26,1
DA:27,1
DA:28,1
DA:29,1
DA:30,1
DA:31,1
DA:32,1
DA:33,1
DA:34,1
DA:35,1
DA:36,1
DA:37,1
DA:38,1
DA:39,1
DA:40,1
DA:41,1
DA:42,1
DA:43,1
DA:44,1
DA:45,1
DA:46,1
DA:47,1
DA:48,1
DA:49,1
DA:50,1
DA:51,1
DA:52,1
DA:53,1
DA:54,1
DA:55,1
DA:56,1
DA:57,1
DA:58,1
DA:59,1
DA:60,1
DA:61,1
DA:62,1
DA:63,1
DA:64,1
DA:65,1
DA:66,1
DA:67,1
DA:68,1
DA:69,1
DA:70,1
DA:71,1
DA:72,1
DA:73,1
DA:74,1
DA:75,1
DA:76,1
DA:77,1
DA:78,1
DA:79,1
DA:80,1
DA:81,1
DA:82,1
DA:83,1
DA:84,1
DA:85,1
DA:86,1
DA:87,1
DA:88,1
DA:89,1
DA:90,1
DA:91,1
DA:92,1
DA:93,1
DA:94,1
DA:95,1
DA:96,1
DA:97,1
DA:98,1
DA:99,1
DA:100,1
DA:101,1
DA:102,1
DA:103,1
DA:104,1
DA:105,1
DA:106,1
DA:107,1
DA:108,1
DA:109,1
DA:110,1
DA:111,1
DA:112,1
DA:113,1
DA:114,1
DA:115,1
DA:116,1
DA:117,1
DA:118,1
DA:119,1
DA:120,1
DA:121,1
DA:122,1
DA:123,1
DA:124,1
DA:125,1
DA:126,1
DA:127,1
DA:128,1
DA:129,1
DA:130,1
DA:131,1
DA:132,1
DA:133,1
DA:134,1
DA:135,1
DA:136,1
DA:137,1
DA:138,1
DA:139,1
DA:140,1
DA:141,1
DA:142,1
DA:143,6
DA:144,3
DA:145,1
DA:146,3
DA:147,3
DA:148,3
DA:149,3
DA:150,6
DA:151,6
DA:152,1
DA:153,1
DA:154,1
DA:155,1
DA:156,1
DA:157,27
DA:158,1
DA:159,1
DA:160,27
DA:161,27
DA:162,0
DA:163,0
DA:164,27
DA:165,27
DA:166,2
DA:167,2
DA:168,2
DA:169,2
DA:170,2
DA:171,2
DA:172,2
DA:173,27
DA:174,27
DA:175,1
DA:176,1
DA:177,1
DA:178,1
DA:179,1
DA:180,1
DA:181,1
DA:182,4
DA:183,2
DA:184,0
DA:185,0
DA:186,0
DA:187,0
DA:188,0
DA:189,0
DA:190,0
DA:191,0
DA:192,0
DA:193,0
DA:194,0
DA:195,2
DA:196,2
DA:197,2
DA:198,2
DA:199,2
DA:200,2
DA:201,2
DA:202,1
DA:203,1
DA:204,1
DA:205,6
DA:206,1
DA:207,1
DA:208,4
DA:209,4
DA:210,3
DA:211,3
DA:212,3
DA:213,3
DA:214,3
DA:215,0
DA:216,0
DA:217,3
DA:218,3
DA:219,4
DA:220,0
DA:221,0
DA:222,4
DA:223,1
DA:224,35
DA:225,35
DA:226,35
DA:227,35
DA:228,35
DA:229,35
DA:230,35
DA:231,35
DA:232,35
DA:233,35
DA:234,1
DA:235,1
DA:236,1
DA:237,1
DA:238,1
DA:239,1
DA:240,1
DA:241,1
DA:242,1
DA:243,1
DA:244,1
DA:245,1
DA:246,1
DA:247,1
DA:248,1
DA:249,1
DA:250,1
DA:251,7
DA:252,7
DA:253,7
DA:254,7
DA:255,7
DA:256,7
DA:257,1
DA:258,1
DA:259,2
DA:260,2
DA:261,2
DA:262,2
DA:263,0
DA:264,0
DA:265,2
DA:266,2
DA:267,2
DA:268,1
DA:269,1
DA:270,1
DA:271,1
DA:272,1
DA:273,1
DA:274,1
DA:275,1
DA:276,1
LF:276
LH:257
BRDA:142,0,0,6
BRDA:143,1,0,3
BRDA:144,2,0,1
BRDA:156,3,0,27
BRDA:157,4,0,1
BRDA:161,5,0,0
BRDA:165,6,0,15
BRDA:165,7,0,2
BRDA:181,8,0,4
BRDA:182,9,0,2
BRDA:183,10,0,0
BRDA:204,11,0,6
BRDA:208,12,0,4
BRDA:209,13,0,3
BRDA:214,14,0,0
BRDA:219,15,0,1
BRDA:219,16,0,0
BRDA:219,17,0,0
BRDA:224,18,0,35
BRDA:235,19,0,1
BRDA:240,20,0,1
BRDA:251,21,0,7
BRDA:253,22,0,4
BRDA:253,23,0,3
BRDA:259,24,0,2
BRDA:262,25,0,0
BRF:26
BRH:20
end_of_record
