TN:
SF:controllers\authController.js
FN:7,register
FN:48,login
FN:98,logout
FN:127,refresh
FN:152,deleteTestUser
FN:167,user
FNF:6
FNH:4
FNDA:4,register
FNDA:3,login
FNDA:2,logout
FNDA:5,refresh
FNDA:0,deleteTestUser
FNDA:0,user
DA:1,1
DA:2,1
DA:3,1
DA:4,1
DA:5,1
DA:6,1
DA:7,4
DA:8,4
DA:9,4
DA:10,4
DA:11,4
DA:12,4
DA:13,4
DA:14,4
DA:15,4
DA:16,4
DA:17,4
DA:18,4
DA:19,0
DA:20,0
DA:21,4
DA:22,4
DA:23,4
DA:24,3
DA:25,3
DA:26,3
DA:27,3
DA:28,4
DA:29,2
DA:30,2
DA:31,2
DA:32,2
DA:33,2
DA:34,2
DA:35,2
DA:36,2
DA:37,2
DA:38,2
DA:39,2
DA:40,1
DA:41,1
DA:42,1
DA:43,1
DA:44,1
DA:45,4
DA:46,1
DA:47,1
DA:48,3
DA:49,3
DA:50,3
DA:51,3
DA:52,3
DA:53,2
DA:54,2
DA:55,2
DA:56,2
DA:57,2
DA:58,3
DA:59,1
DA:60,1
DA:61,1
DA:62,1
DA:63,3
DA:64,1
DA:65,1
DA:66,1
DA:67,1
DA:68,1
DA:69,1
DA:70,1
DA:71,1
DA:72,1
DA:73,1
DA:74,1
DA:75,1
DA:76,1
DA:77,1
DA:78,1
DA:79,1
DA:80,1
DA:81,1
DA:82,1
DA:83,1
DA:84,1
DA:85,1
DA:86,1
DA:87,1
DA:88,1
DA:89,1
DA:90,1
DA:91,1
DA:92,1
DA:93,1
DA:94,1
DA:95,1
DA:96,1
DA:97,1
DA:98,2
DA:99,2
DA:100,2
DA:101,2
DA:102,1
DA:103,1
DA:104,1
DA:105,1
DA:106,2
DA:107,0
DA:108,0
DA:109,0
DA:110,0
DA:111,0
DA:112,0
DA:113,0
DA:114,1
DA:115,1
DA:116,1
DA:117,1
DA:118,1
DA:119,1
DA:120,1
DA:121,1
DA:122,1
DA:123,1
DA:124,1
DA:125,1
DA:126,1
DA:127,5
DA:128,5
DA:129,5
DA:130,4
DA:131,4
DA:132,4
DA:133,4
DA:134,4
DA:135,5
DA:136,3
DA:137,3
DA:138,3
DA:139,1
DA:140,1
DA:141,1
DA:142,1
DA:143,1
DA:144,1
DA:145,1
DA:146,1
DA:147,1
DA:148,3
DA:149,3
DA:150,1
DA:151,1
DA:152,0
DA:153,0
DA:154,0
DA:155,0
DA:156,0
DA:157,0
DA:158,0
DA:159,0
DA:160,0
DA:161,0
DA:162,0
DA:163,0
DA:164,0
DA:165,0
DA:166,1
DA:167,0
DA:168,0
DA:169,0
DA:170,0
DA:171,0
DA:172,1
DA:173,1
LF:173
LH:145
BRDA:7,0,0,4
BRDA:18,1,0,0
BRDA:23,2,0,1
BRDA:23,3,0,3
BRDA:28,4,0,1
BRDA:28,5,0,2
BRDA:39,6,0,1
BRDA:48,7,0,3
BRDA:51,8,0,2
BRDA:52,9,0,1
BRDA:52,10,0,2
BRDA:58,11,0,1
BRDA:63,12,0,0
BRDA:63,13,0,1
BRDA:98,14,0,2
BRDA:101,15,0,1
BRDA:106,16,0,0
BRDA:113,17,0,1
BRDA:127,18,0,5
BRDA:129,19,0,1
BRDA:129,20,0,4
BRDA:135,21,0,1
BRDA:135,22,0,3
BRDA:137,23,0,3
BRDA:138,24,0,2
BRDA:138,25,0,2
BRDA:138,26,0,1
BRF:27
BRH:24
end_of_record
TN:
SF:controllers\flashcardController.js
FN:4,verifyID
FN:12,index
FN:28,getUserFlashcards
FN:45,createFlashcard
FN:73,updateFlashcard
FN:105,deleteFlashcard
FN:127,getFlashcardsBySetName
FNF:7
FNH:7
FNDA:14,verifyID
FNDA:3,index
FNDA:2,getUserFlashcards
FNDA:2,createFlashcard
FNDA:2,updateFlashcard
FNDA:2,deleteFlashcard
FNDA:3,getFlashcardsBySetName
DA:1,1
DA:2,1
DA:3,1
DA:4,14
DA:5,14
DA:6,1
DA:7,1
DA:8,13
DA:9,13
DA:10,1
DA:11,1
DA:12,3
DA:13,3
DA:14,3
DA:15,3
DA:16,3
DA:17,3
DA:18,3
DA:19,3
DA:20,3
DA:21,1
DA:22,3
DA:23,2
DA:24,2
DA:25,3
DA:26,1
DA:27,1
DA:28,2
DA:29,2
DA:30,2
DA:31,2
DA:32,2
DA:33,2
DA:34,2
DA:35,2
DA:36,1
DA:37,1
DA:38,1
DA:39,1
DA:40,1
DA:41,1
DA:42,2
DA:43,1
DA:44,1
DA:45,2
DA:46,2
DA:47,2
DA:48,2
DA:49,2
DA:50,2
DA:51,2
DA:52,0
DA:53,0
DA:54,0
DA:55,0
DA:56,2
DA:57,2
DA:58,2
DA:59,2
DA:60,2
DA:61,2
DA:62,2
DA:63,2
DA:64,2
DA:65,1
DA:66,1
DA:67,1
DA:68,1
DA:69,1
DA:70,2
DA:71,1
DA:72,1
DA:73,2
DA:74,2
DA:75,2
DA:76,2
DA:77,2
DA:78,2
DA:79,2
DA:80,0
DA:81,0
DA:82,2
DA:83,2
DA:84,1
DA:85,1
DA:86,1
DA:87,1
DA:88,1
DA:89,1
DA:90,1
DA:91,1
DA:92,1
DA:93,1
DA:94,1
DA:95,1
DA:96,1
DA:97,1
DA:98,1
DA:99,2
DA:100,0
DA:101,0
DA:102,2
DA:103,1
DA:104,1
DA:105,2
DA:106,2
DA:107,2
DA:108,2
DA:109,2
DA:110,2
DA:111,2
DA:112,1
DA:113,1
DA:114,1
DA:115,2
DA:116,0
DA:117,0
DA:118,1
DA:119,1
DA:120,1
DA:121,2
DA:122,0
DA:123,0
DA:124,2
DA:125,1
DA:126,1
DA:127,3
DA:128,3
DA:129,3
DA:130,3
DA:131,3
DA:132,3
DA:133,3
DA:134,1
DA:135,1
DA:136,2
DA:137,2
DA:138,2
DA:139,2
DA:140,3
DA:141,1
DA:142,1
DA:143,3
DA:144,0
DA:145,0
DA:146,0
DA:147,3
DA:148,1
DA:149,1
DA:150,1
DA:151,1
DA:152,1
DA:153,1
DA:154,1
DA:155,1
DA:156,1
DA:157,1
LF:157
LH:142
BRDA:4,0,0,14
BRDA:5,1,0,1
BRDA:7,2,0,13
BRDA:12,3,0,3
BRDA:15,4,0,0
BRDA:20,5,0,1
BRDA:22,6,0,2
BRDA:28,7,0,2
BRDA:31,8,0,0
BRDA:35,9,0,1
BRDA:45,10,0,2
BRDA:48,11,0,0
BRDA:51,12,0,0
BRDA:64,13,0,1
BRDA:73,14,0,2
BRDA:76,15,0,0
BRDA:79,16,0,0
BRDA:83,17,0,1
BRDA:99,18,0,0
BRDA:105,19,0,2
BRDA:108,20,0,0
BRDA:111,21,0,1
BRDA:115,22,0,0
BRDA:117,23,0,1
BRDA:121,24,0,0
BRDA:127,25,0,3
BRDA:130,26,0,0
BRDA:133,27,0,1
BRDA:135,28,0,2
BRDA:140,29,0,1
BRDA:143,30,0,0
BRF:31
BRH:19
end_of_record
TN:
SF:controllers\folderController.js
FN:7,verifyID
FN:14,index
FN:37,create
FN:82,show
FN:118,update
FN:148,remove
FN:170,removeAll
FNF:7
FNH:6
FNDA:22,verifyID
FNDA:3,index
FNDA:4,create
FNDA:5,show
FNDA:5,update
FNDA:5,remove
FNDA:0,removeAll
DA:1,1
DA:2,1
DA:3,1
DA:4,1
DA:5,1
DA:6,1
DA:7,22
DA:8,22
DA:9,5
DA:10,5
DA:11,17
DA:12,17
DA:13,1
DA:14,3
DA:15,3
DA:16,3
DA:17,3
DA:18,3
DA:19,3
DA:20,3
DA:21,2
DA:22,2
DA:23,3
DA:24,1
DA:25,1
DA:26,3
DA:27,3
DA:28,3
DA:29,3
DA:30,3
DA:31,3
DA:32,3
DA:33,3
DA:34,3
DA:35,3
DA:36,1
DA:37,4
DA:38,4
DA:39,4
DA:40,4
DA:41,4
DA:42,4
DA:43,4
DA:44,3
DA:45,4
DA:46,2
DA:47,2
DA:48,1
DA:49,1
DA:50,1
DA:51,1
DA:52,1
DA:53,1
DA:54,1
DA:55,1
DA:56,1
DA:57,1
DA:58,1
DA:59,1
DA:60,1
DA:61,4
DA:62,4
DA:63,4
DA:64,4
DA:65,4
DA:66,4
DA:67,4
DA:68,4
DA:69,4
DA:70,4
DA:71,4
DA:72,4
DA:73,4
DA:74,4
DA:75,4
DA:76,4
DA:77,4
DA:78,4
DA:79,4
DA:80,4
DA:81,1
DA:82,5
DA:83,5
DA:84,5
DA:85,5
DA:86,5
DA:87,5
DA:88,5
DA:89,4
DA:90,5
DA:91,2
DA:92,2
DA:93,2
DA:94,5
DA:95,1
DA:96,1
DA:97,1
DA:98,1
DA:99,1
DA:100,1
DA:101,1
DA:102,5
DA:103,5
DA:104,5
DA:105,5
DA:106,5
DA:107,5
DA:108,5
DA:109,5
DA:110,5
DA:111,5
DA:112,5
DA:113,5
DA:114,5
DA:115,5
DA:116,5
DA:117,1
DA:118,5
DA:119,5
DA:120,5
DA:121,5
DA:122,5
DA:123,5
DA:124,5
DA:125,5
DA:126,3
DA:127,5
DA:128,1
DA:129,1
DA:130,2
DA:131,5
DA:132,1
DA:133,1
DA:134,1
DA:135,1
DA:136,1
DA:137,1
DA:138,1
DA:139,1
DA:140,1
DA:141,1
DA:142,5
DA:143,2
DA:144,2
DA:145,2
DA:146,5
DA:147,1
DA:148,5
DA:149,5
DA:150,5
DA:151,5
DA:152,5
DA:153,5
DA:154,5
DA:155,3
DA:156,5
DA:157,2
DA:158,2
DA:159,5
DA:160,1
DA:161,1
DA:162,1
DA:163,1
DA:164,1
DA:165,5
DA:166,2
DA:167,2
DA:168,5
DA:169,1
DA:170,0
DA:171,0
DA:172,0
DA:173,0
DA:174,0
DA:175,0
DA:176,0
DA:177,0
DA:178,0
DA:179,0
DA:180,0
DA:181,0
DA:182,0
DA:183,0
DA:184,0
DA:185,0
DA:186,0
DA:187,0
DA:188,0
DA:189,0
DA:190,0
DA:191,1
DA:192,1
LF:192
LH:171
BRDA:7,0,0,22
BRDA:8,1,0,5
BRDA:10,2,0,17
BRDA:14,3,0,3
BRDA:18,4,0,0
BRDA:20,5,0,2
BRDA:23,6,0,1
BRDA:37,7,0,4
BRDA:41,8,0,0
BRDA:43,9,0,3
BRDA:45,10,0,2
BRDA:47,11,0,1
BRDA:82,12,0,5
BRDA:86,13,0,0
BRDA:88,14,0,4
BRDA:90,15,0,2
BRDA:94,16,0,1
BRDA:118,17,0,5
BRDA:122,18,0,0
BRDA:125,19,0,3
BRDA:127,20,0,1
BRDA:129,21,0,2
BRDA:131,22,0,1
BRDA:142,23,0,2
BRDA:148,24,0,5
BRDA:151,25,0,0
BRDA:154,26,0,3
BRDA:156,27,0,1
BRDA:156,28,0,2
BRDA:159,29,0,1
BRDA:165,30,0,2
BRF:31
BRH:26
end_of_record
TN:
SF:controllers\noteController.js
FN:6,verifyID
FN:13,index
FN:30,getNotesInFolder
FN:53,create
FN:77,createInFolder
FN:110,show
FN:143,update
FN:171,remove
FNF:8
FNH:8
FNDA:33,verifyID
FNDA:3,index
FNDA:6,getNotesInFolder
FNDA:4,create
FNDA:5,createInFolder
FNDA:5,show
FNDA:5,update
FNDA:5,remove
DA:1,1
DA:2,1
DA:3,1
DA:4,1
DA:5,1
DA:6,33
DA:7,33
DA:8,6
DA:9,6
DA:10,27
DA:11,27
DA:12,1
DA:13,3
DA:14,3
DA:15,3
DA:16,3
DA:17,3
DA:18,3
DA:19,3
DA:20,3
DA:21,3
DA:22,2
DA:23,2
DA:24,3
DA:25,1
DA:26,1
DA:27,1
DA:28,3
DA:29,1
DA:30,6
DA:31,6
DA:32,6
DA:33,6
DA:34,6
DA:35,6
DA:36,5
DA:37,6
DA:38,4
DA:39,4
DA:40,6
DA:41,3
DA:42,3
DA:43,2
DA:44,6
DA:45,1
DA:46,1
DA:47,6
DA:48,2
DA:49,2
DA:50,2
DA:51,6
DA:52,1
DA:53,4
DA:54,4
DA:55,4
DA:56,4
DA:57,4
DA:58,4
DA:59,4
DA:60,4
DA:61,2
DA:62,2
DA:63,2
DA:64,2
DA:65,2
DA:66,2
DA:67,2
DA:68,2
DA:69,1
DA:70,1
DA:71,1
DA:72,1
DA:73,1
DA:74,1
DA:75,4
DA:76,1
DA:77,5
DA:78,5
DA:79,5
DA:80,5
DA:81,5
DA:82,5
DA:83,5
DA:84,3
DA:85,3
DA:86,5
DA:87,2
DA:88,2
DA:89,5
DA:90,1
DA:91,1
DA:92,1
DA:93,1
DA:94,1
DA:95,1
DA:96,1
DA:97,1
DA:98,1
DA:99,1
DA:100,1
DA:101,1
DA:102,1
DA:103,1
DA:104,5
DA:105,0
DA:106,0
DA:107,0
DA:108,5
DA:109,1
DA:110,5
DA:111,5
DA:112,5
DA:113,5
DA:114,5
DA:115,5
DA:116,5
DA:117,5
DA:118,5
DA:119,5
DA:120,5
DA:121,5
DA:122,5
DA:123,5
DA:124,5
DA:125,5
DA:126,5
DA:127,4
DA:128,5
DA:129,2
DA:130,2
DA:131,2
DA:132,5
DA:133,1
DA:134,1
DA:135,1
DA:136,1
DA:137,1
DA:138,1
DA:139,1
DA:140,1
DA:141,5
DA:142,1
DA:143,5
DA:144,5
DA:145,5
DA:146,5
DA:147,5
DA:148,5
DA:149,5
DA:150,1
DA:151,1
DA:152,2
DA:153,5
DA:154,1
DA:155,1
DA:156,1
DA:157,1
DA:158,1
DA:159,1
DA:160,1
DA:161,1
DA:162,1
DA:163,1
DA:164,1
DA:165,5
DA:166,2
DA:167,2
DA:168,2
DA:169,5
DA:170,1
DA:171,5
DA:172,5
DA:173,5
DA:174,5
DA:175,5
DA:176,5
DA:177,3
DA:178,5
DA:179,1
DA:180,1
DA:181,2
DA:182,5
DA:183,1
DA:184,1
DA:185,1
DA:186,1
DA:187,1
DA:188,1
DA:189,1
DA:190,1
DA:191,1
DA:192,1
DA:193,1
DA:194,1
DA:195,1
DA:196,1
DA:197,1
DA:198,5
DA:199,2
DA:200,2
DA:201,2
DA:202,5
DA:203,1
DA:204,1
DA:205,1
DA:206,1
DA:207,1
DA:208,1
DA:209,1
DA:210,1
DA:211,1
DA:212,1
DA:213,1
LF:213
LH:210
BRDA:6,0,0,33
BRDA:7,1,0,6
BRDA:9,2,0,27
BRDA:13,3,0,3
BRDA:16,4,0,0
BRDA:21,5,0,2
BRDA:24,6,0,1
BRDA:30,7,0,6
BRDA:33,8,0,0
BRDA:35,9,0,5
BRDA:37,10,0,1
BRDA:37,11,0,4
BRDA:40,12,0,1
BRDA:40,13,0,3
BRDA:42,14,0,2
BRDA:44,15,0,1
BRDA:47,16,0,2
BRDA:53,17,0,4
BRDA:56,18,0,0
BRDA:60,19,0,2
BRDA:68,20,0,1
BRDA:77,21,0,5
BRDA:79,22,0,0
BRDA:83,23,0,2
BRDA:83,24,0,3
BRDA:86,25,0,1
BRDA:86,26,0,2
BRDA:89,27,0,1
BRDA:104,28,0,0
BRDA:110,29,0,5
BRDA:113,30,0,0
BRDA:126,31,0,4
BRDA:128,32,0,2
BRDA:132,33,0,1
BRDA:143,34,0,5
BRDA:146,35,0,0
BRDA:148,36,0,3
BRDA:149,37,0,1
BRDA:151,38,0,2
BRDA:153,39,0,1
BRDA:165,40,0,2
BRDA:171,41,0,5
BRDA:174,42,0,0
BRDA:176,43,0,3
BRDA:178,44,0,1
BRDA:180,45,0,2
BRDA:182,46,0,1
BRDA:198,47,0,2
BRF:48
BRH:40
end_of_record
TN:
SF:controllers\taskController.js
FN:6,verifyID
FN:13,index
FN:27,create
FN:57,show
FN:79,update
FN:111,remove
FN:135,removeAll
FNF:7
FNH:6
FNDA:22,verifyID
FNDA:3,index
FNDA:4,create
FNDA:5,show
FNDA:5,update
FNDA:5,remove
FNDA:0,removeAll
DA:1,1
DA:2,1
DA:3,1
DA:4,1
DA:5,1
DA:6,22
DA:7,22
DA:8,5
DA:9,5
DA:10,17
DA:11,17
DA:12,1
DA:13,3
DA:14,3
DA:15,3
DA:16,3
DA:17,3
DA:18,2
DA:19,2
DA:20,1
DA:21,1
DA:22,1
DA:23,1
DA:24,1
DA:25,3
DA:26,1
DA:27,4
DA:28,4
DA:29,4
DA:30,4
DA:31,4
DA:32,3
DA:33,3
DA:34,2
DA:35,4
DA:36,1
DA:37,1
DA:38,1
DA:39,1
DA:40,4
DA:41,4
DA:42,4
DA:43,4
DA:44,4
DA:45,4
DA:46,4
DA:47,4
DA:48,4
DA:49,4
DA:50,1
DA:51,1
DA:52,1
DA:53,1
DA:54,1
DA:55,4
DA:56,1
DA:57,5
DA:58,5
DA:59,5
DA:60,5
DA:61,5
DA:62,4
DA:63,4
DA:64,3
DA:65,5
DA:66,1
DA:67,1
DA:68,2
DA:69,5
DA:70,1
DA:71,1
DA:72,1
DA:73,1
DA:74,1
DA:75,1
DA:76,1
DA:77,5
DA:78,1
DA:79,5
DA:80,5
DA:81,5
DA:82,5
DA:83,5
DA:84,4
DA:85,4
DA:86,3
DA:87,5
DA:88,1
DA:89,1
DA:90,2
DA:91,5
DA:92,1
DA:93,1
DA:94,1
DA:95,5
DA:96,5
DA:97,5
DA:98,5
DA:99,0
DA:100,5
DA:101,5
DA:102,5
DA:103,5
DA:104,5
DA:105,1
DA:106,1
DA:107,1
DA:108,1
DA:109,5
DA:110,1
DA:111,5
DA:112,5
DA:113,5
DA:114,5
DA:115,5
DA:116,4
DA:117,4
DA:118,3
DA:119,5
DA:120,1
DA:121,1
DA:122,2
DA:123,5
DA:124,1
DA:125,1
DA:126,1
DA:127,1
DA:128,1
DA:129,1
DA:130,1
DA:131,1
DA:132,1
DA:133,5
DA:134,1
DA:135,0
DA:136,0
DA:137,0
DA:138,0
DA:139,0
DA:140,0
DA:141,0
DA:142,0
DA:143,0
DA:144,0
DA:145,0
DA:146,0
DA:147,0
DA:148,1
DA:149,1
LF:149
LH:135
BRDA:6,0,0,22
BRDA:7,1,0,5
BRDA:9,2,0,17
BRDA:13,3,0,3
BRDA:17,4,0,1
BRDA:17,5,0,2
BRDA:19,6,0,1
BRDA:27,7,0,4
BRDA:31,8,0,1
BRDA:31,9,0,3
BRDA:33,10,0,2
BRDA:35,11,0,1
BRDA:40,12,0,0
BRDA:49,13,0,1
BRDA:57,14,0,5
BRDA:61,15,0,1
BRDA:61,16,0,4
BRDA:63,17,0,3
BRDA:65,18,0,1
BRDA:67,19,0,2
BRDA:69,20,0,1
BRDA:79,21,0,5
BRDA:83,22,0,1
BRDA:83,23,0,4
BRDA:85,24,0,3
BRDA:87,25,0,1
BRDA:89,26,0,2
BRDA:91,27,0,1
BRDA:95,28,0,0
BRDA:96,29,0,1
BRDA:96,30,0,0
BRDA:97,31,0,1
BRDA:97,32,0,0
BRDA:99,33,0,0
BRDA:100,34,0,1
BRDA:101,35,0,1
BRDA:101,36,0,0
BRDA:104,37,0,1
BRDA:111,38,0,5
BRDA:115,39,0,1
BRDA:115,40,0,4
BRDA:117,41,0,3
BRDA:119,42,0,1
BRDA:121,43,0,2
BRDA:123,44,0,1
BRF:45
BRH:39
end_of_record
TN:
SF:middleware\auth-service.js
FN:4,Object.<anonymous>.exports.requireLogin
FN:14,Object.<anonymous>.exports.verifyToken
FN:33,Object.<anonymous>.exports.getUserID
FNF:3
FNH:0
FNDA:0,Object.<anonymous>.exports.requireLogin
FNDA:0,Object.<anonymous>.exports.verifyToken
FNDA:0,Object.<anonymous>.exports.getUserID
DA:1,1
DA:2,1
DA:3,1
DA:4,1
DA:5,0
DA:6,0
DA:7,0
DA:8,0
DA:9,0
DA:10,0
DA:11,0
DA:12,0
DA:13,1
DA:14,1
DA:15,0
DA:16,0
DA:17,0
DA:18,0
DA:19,0
DA:20,0
DA:21,0
DA:22,0
DA:23,0
DA:24,0
DA:25,0
DA:26,0
DA:27,0
DA:28,0
DA:29,0
DA:30,0
DA:31,0
DA:32,1
DA:33,1
DA:34,0
DA:35,0
DA:36,0
DA:37,0
DA:38,0
DA:39,0
DA:40,0
DA:41,0
DA:42,0
DA:43,0
DA:44,0
DA:45,0
LF:45
LH:8
BRF:0
BRH:0
end_of_record
TN:
SF:middleware\auth.js
FN:1,auth
FNF:1
FNH:0
FNDA:0,auth
DA:1,0
DA:2,0
DA:3,0
DA:4,0
DA:5,0
DA:6,1
DA:7,1
LF:7
LH:2
BRF:0
BRH:0
end_of_record
TN:
SF:models\flashcards.js
FNF:0
FNH:0
DA:1,1
DA:2,1
DA:3,1
DA:4,1
DA:5,1
DA:6,1
DA:7,1
DA:8,1
DA:9,1
DA:10,1
DA:11,1
DA:12,1
DA:13,1
DA:14,1
DA:15,1
DA:16,1
DA:17,1
DA:18,1
DA:19,1
DA:20,1
DA:21,1
DA:22,1
DA:23,1
DA:24,1
DA:25,1
DA:26,1
DA:27,1
LF:27
LH:27
BRF:0
BRH:0
end_of_record
TN:
SF:models\folder.js
FNF:0
FNH:0
DA:1,1
DA:2,1
DA:3,1
DA:4,1
DA:5,1
DA:6,1
DA:7,1
DA:8,1
DA:9,1
DA:10,1
DA:11,1
DA:12,1
DA:13,1
DA:14,1
DA:15,1
DA:16,1
DA:17,1
DA:18,1
DA:19,1
DA:20,1
DA:21,1
DA:22,1
DA:23,1
DA:24,1
DA:25,1
DA:26,1
LF:26
LH:26
BRF:0
BRH:0
end_of_record
TN:
SF:models\note.js
FNF:0
FNH:0
DA:1,1
DA:2,1
DA:3,1
DA:4,1
DA:5,1
DA:6,1
DA:7,1
DA:8,1
DA:9,1
DA:10,1
DA:11,1
DA:12,1
DA:13,1
DA:14,1
DA:15,1
DA:16,1
DA:17,1
DA:18,1
DA:19,1
DA:20,1
DA:21,1
DA:22,1
DA:23,1
DA:24,1
DA:25,1
DA:26,1
DA:27,1
LF:27
LH:27
BRF:0
BRH:0
end_of_record
TN:
SF:models\task.js
FNF:0
FNH:0
DA:1,1
DA:2,1
DA:3,1
DA:4,1
DA:5,1
DA:6,1
DA:7,1
DA:8,1
DA:9,1
DA:10,1
DA:11,1
DA:12,1
DA:13,1
DA:14,1
DA:15,1
DA:16,1
DA:17,1
DA:18,1
DA:19,1
DA:20,1
DA:21,1
DA:22,1
DA:23,1
DA:24,1
DA:25,1
DA:26,1
DA:27,1
DA:28,1
DA:29,1
DA:30,1
DA:31,1
DA:32,1
DA:33,1
DA:34,1
LF:34
LH:34
BRF:0
BRH:0
end_of_record
TN:
SF:models\user.js
FN:19,Object.<anonymous>.Schema.email.validate
FN:44,get
FN:50,get
FNF:3
FNH:0
FNDA:0,Object.<anonymous>.Schema.email.validate
FNDA:0,get
FNDA:0,get
DA:1,1
DA:2,1
DA:3,1
DA:4,1
DA:5,1
DA:6,1
DA:7,1
DA:8,1
DA:9,1
DA:10,1
DA:11,1
DA:12,1
DA:13,1
DA:14,1
DA:15,1
DA:16,1
DA:17,1
DA:18,1
DA:19,1
DA:20,1
DA:21,1
DA:22,1
DA:23,1
DA:24,1
DA:25,1
DA:26,1
DA:27,1
DA:28,1
DA:29,1
DA:30,1
DA:31,1
DA:32,1
DA:33,1
DA:34,1
DA:35,1
DA:36,1
DA:37,1
DA:38,1
DA:39,1
DA:40,1
DA:41,1
DA:42,1
DA:43,1
DA:44,1
DA:45,0
DA:46,0
DA:47,1
DA:48,1
DA:49,1
DA:50,1
DA:51,0
DA:52,0
DA:53,1
DA:54,1
DA:55,1
DA:56,1
DA:57,1
DA:58,1
DA:59,1
LF:59
LH:55
BRF:0
BRH:0
end_of_record
